###############################################################################
#                                                                             #
# IAR C/C++ Compiler V7.60.1.40026 for 8051             12/Apr/2014  21:08:30 #
# Copyright (C) 2004-2010 IAR Systems AB.                                     #
#                                                                             #
#    Core               =  plain                                              #
#    Code model         =  banked                                             #
#    Data model         =  large                                              #
#    Calling convention =  xdata reentrant                                    #
#    Constant location  =  data_rom                                           #
#    Dptr setup         =  1,16                                               #
#    Source file        =  E:\Dropbox\grad_proj\zstack-cc2530-enddevice\Proje #
#                          cts\zstack\Samples\GenericApp\Source\GenericApp.c  #
#    Command line       =  -f E:\Dropbox\grad_proj\zstack-cc2530-enddevice\Pr #
#                          ojects\zstack\Samples\GenericApp\CC2530DB\..\..\.. #
#                          \Tools\CC2530DB\f8wEndev.cfg (-DCPU32MHZ           #
#                          -DROOT=__near_func -DMAC_CFG_TX_DATA_MAX=3         #
#                          -DMAC_CFG_TX_MAX=6 -DMAC_CFG_RX_MAX=3) -f          #
#                          E:\Dropbox\grad_proj\zstack-cc2530-enddevice\Proje #
#                          cts\zstack\Samples\GenericApp\CC2530DB\..\..\..\To #
#                          ols\CC2530DB\f8wConfig.cfg (-DZIGBEEPRO            #
#                          -DSECURE=0 -DZG_SECURE_DYNAMIC=0 -DREFLECTOR       #
#                          -DDEFAULT_CHANLIST=0x00000800                      #
#                          -DZDAPP_CONFIG_PAN_ID=0x1111                       #
#                          -DNWK_START_DELAY=100 -DEXTENDED_JOINING_RANDOM_MA #
#                          SK=0x007F -DBEACON_REQUEST_DELAY=100               #
#                          -DBEACON_REQ_DELAY_MASK=0x00FF                     #
#                          -DLINK_STATUS_JITTER_MASK=0x007F                   #
#                          -DROUTE_EXPIRY_TIME=30 -DAPSC_ACK_WAIT_DURATION_PO #
#                          LLED=3000 -DNWK_INDIRECT_MSG_TIMEOUT=7             #
#                          -DMAX_RREQ_ENTRIES=8 -DAPSC_MAX_FRAME_RETRIES=3    #
#                          -DNWK_MAX_DATA_RETRIES=2                           #
#                          -DMAX_POLL_FAILURE_RETRIES=2 -DMAX_BCAST=9         #
#                          -DAPS_MAX_GROUPS=16 -DMAX_RTG_ENTRIES=40           #
#                          -DNWK_MAX_BINDING_ENTRIES=4                        #
#                          -DMAX_BINDING_CLUSTER_IDS=4 "-DDEFAULT_KEY={0x01,  #
#                          0x03, 0x05, 0x07, 0x09, 0x0B, 0x0D, 0x0F, 0x00,    #
#                          0x02, 0x04, 0x06, 0x08, 0x0A, 0x0C, 0x0D}"         #
#                          -DMAC_MAX_FRAME_SIZE=116                           #
#                          -DZDNWKMGR_MIN_TRANSMISSIONS=20 "-DCONST=const     #
#                          __code" -DGENERIC=__generic                        #
#                          -DRFD_RCVC_ALWAYS_ON=FALSE -DPOLL_RATE=1000        #
#                          -DQUEUED_POLL_RATE=100 -DRESPONSE_POLL_RATE=100)   #
#                          -DREJOIN_POLL_RATE=440 E:\Dropbox\grad_proj\zstack #
#                          -cc2530-enddevice\Projects\zstack\Samples\GenericA #
#                          pp\Source\GenericApp.c -D HAL_ADC -D               #
#                          NWK_AUTO_POLL -D ZTOOL_P1 -D MT_TASK -D            #
#                          MT_SYS_FUNC -D MT_ZDO_FUNC -D xPOWER_SAVING -lC    #
#                          E:\Dropbox\grad_proj\zstack-cc2530-enddevice\Proje #
#                          cts\zstack\Samples\GenericApp\CC2530DB\EndDeviceEB #
#                          \List\ -lA E:\Dropbox\grad_proj\zstack-cc2530-endd #
#                          evice\Projects\zstack\Samples\GenericApp\CC2530DB\ #
#                          EndDeviceEB\List\ --diag_suppress Pe001,Pa010 -o   #
#                          E:\Dropbox\grad_proj\zstack-cc2530-enddevice\Proje #
#                          cts\zstack\Samples\GenericApp\CC2530DB\EndDeviceEB #
#                          \Obj\ -e --require_prototypes --no_code_motion     #
#                          --debug --core=plain --dptr=16,1                   #
#                          --data_model=large --code_model=banked             #
#                          --calling_convention=xdata_reentrant               #
#                          --place_constants=data_rom --nr_virtual_regs 16    #
#                          -I E:\Dropbox\grad_proj\zstack-cc2530-enddevice\Pr #
#                          ojects\zstack\Samples\GenericApp\CC2530DB\ -I      #
#                          E:\Dropbox\grad_proj\zstack-cc2530-enddevice\Proje #
#                          cts\zstack\Samples\GenericApp\CC2530DB\..\Source\  #
#                          -I E:\Dropbox\grad_proj\zstack-cc2530-enddevice\Pr #
#                          ojects\zstack\Samples\GenericApp\CC2530DB\..\..\.. #
#                          \ZMain\TI2530DB\ -I E:\Dropbox\grad_proj\zstack-cc #
#                          2530-enddevice\Projects\zstack\Samples\GenericApp\ #
#                          CC2530DB\..\..\..\..\..\Components\hal\include\    #
#                          -I E:\Dropbox\grad_proj\zstack-cc2530-enddevice\Pr #
#                          ojects\zstack\Samples\GenericApp\CC2530DB\..\..\.. #
#                          \..\..\Components\hal\target\CC2530EB\ -I          #
#                          E:\Dropbox\grad_proj\zstack-cc2530-enddevice\Proje #
#                          cts\zstack\Samples\GenericApp\CC2530DB\..\..\..\.. #
#                          \..\Components\mac\include\ -I                     #
#                          E:\Dropbox\grad_proj\zstack-cc2530-enddevice\Proje #
#                          cts\zstack\Samples\GenericApp\CC2530DB\..\..\..\.. #
#                          \..\Components\mac\high_level\ -I                  #
#                          E:\Dropbox\grad_proj\zstack-cc2530-enddevice\Proje #
#                          cts\zstack\Samples\GenericApp\CC2530DB\..\..\..\.. #
#                          \..\Components\mac\low_level\srf04\ -I             #
#                          E:\Dropbox\grad_proj\zstack-cc2530-enddevice\Proje #
#                          cts\zstack\Samples\GenericApp\CC2530DB\..\..\..\.. #
#                          \..\Components\mac\low_level\srf04\single_chip\    #
#                          -I E:\Dropbox\grad_proj\zstack-cc2530-enddevice\Pr #
#                          ojects\zstack\Samples\GenericApp\CC2530DB\..\..\.. #
#                          \..\..\Components\mt\ -I                           #
#                          E:\Dropbox\grad_proj\zstack-cc2530-enddevice\Proje #
#                          cts\zstack\Samples\GenericApp\CC2530DB\..\..\..\.. #
#                          \..\Components\osal\include\ -I                    #
#                          E:\Dropbox\grad_proj\zstack-cc2530-enddevice\Proje #
#                          cts\zstack\Samples\GenericApp\CC2530DB\..\..\..\.. #
#                          \..\Components\osal\mcu\ccsoc\ -I                  #
#                          E:\Dropbox\grad_proj\zstack-cc2530-enddevice\Proje #
#                          cts\zstack\Samples\GenericApp\CC2530DB\..\..\..\.. #
#                          \..\Components\services\saddr\ -I                  #
#                          E:\Dropbox\grad_proj\zstack-cc2530-enddevice\Proje #
#                          cts\zstack\Samples\GenericApp\CC2530DB\..\..\..\.. #
#                          \..\Components\services\sdata\ -I                  #
#                          E:\Dropbox\grad_proj\zstack-cc2530-enddevice\Proje #
#                          cts\zstack\Samples\GenericApp\CC2530DB\..\..\..\.. #
#                          \..\Components\stack\af\ -I                        #
#                          E:\Dropbox\grad_proj\zstack-cc2530-enddevice\Proje #
#                          cts\zstack\Samples\GenericApp\CC2530DB\..\..\..\.. #
#                          \..\Components\stack\nwk\ -I                       #
#                          E:\Dropbox\grad_proj\zstack-cc2530-enddevice\Proje #
#                          cts\zstack\Samples\GenericApp\CC2530DB\..\..\..\.. #
#                          \..\Components\stack\sapi\ -I                      #
#                          E:\Dropbox\grad_proj\zstack-cc2530-enddevice\Proje #
#                          cts\zstack\Samples\GenericApp\CC2530DB\..\..\..\.. #
#                          \..\Components\stack\sec\ -I                       #
#                          E:\Dropbox\grad_proj\zstack-cc2530-enddevice\Proje #
#                          cts\zstack\Samples\GenericApp\CC2530DB\..\..\..\.. #
#                          \..\Components\stack\sys\ -I                       #
#                          E:\Dropbox\grad_proj\zstack-cc2530-enddevice\Proje #
#                          cts\zstack\Samples\GenericApp\CC2530DB\..\..\..\.. #
#                          \..\Components\stack\zdo\ -I                       #
#                          E:\Dropbox\grad_proj\zstack-cc2530-enddevice\Proje #
#                          cts\zstack\Samples\GenericApp\CC2530DB\..\..\..\.. #
#                          \..\Components\zmac\ -I E:\Dropbox\grad_proj\zstac #
#                          k-cc2530-enddevice\Projects\zstack\Samples\Generic #
#                          App\CC2530DB\..\..\..\..\..\Components\zmac\f8w\   #
#                          -I "C:\Program Files\IAR Systems\Embedded          #
#                          Workbench 5.4\8051\INC\" -I "C:\Program Files\IAR  #
#                          Systems\Embedded Workbench 5.4\8051\INC\CLIB\"     #
#                          -Ohz                                               #
#    List file          =  E:\Dropbox\grad_proj\zstack-cc2530-enddevice\Proje #
#                          cts\zstack\Samples\GenericApp\CC2530DB\EndDeviceEB #
#                          \List\GenericApp.lst                               #
#    Object file        =  E:\Dropbox\grad_proj\zstack-cc2530-enddevice\Proje #
#                          cts\zstack\Samples\GenericApp\CC2530DB\EndDeviceEB #
#                          \Obj\GenericApp.r51                                #
#                                                                             #
#                                                                             #
###############################################################################

E:\Dropbox\grad_proj\zstack-cc2530-enddevice\Projects\zstack\Samples\GenericApp\Source\GenericApp.c
      1          /**************************************************************************************************
      2            Filename:       GenericApp.c
      3            Revised:        $Date: 2009-03-18 15:56:27 -0700 (Wed, 18 Mar 2009) $
      4            Revision:       $Revision: 19453 $
      5          
      6            Description:    Generic Application (no Profile).
      7          
      8          
      9            Copyright 2004-2009 Texas Instruments Incorporated. All rights reserved.
     10          
     11            IMPORTANT: Your use of this Software is limited to those specific rights
     12            granted under the terms of a software license agreement between the user
     13            who downloaded the software, his/her employer (which must be your employer)
     14            and Texas Instruments Incorporated (the "License").  You may not use this
     15            Software unless you agree to abide by the terms of the License. The License
     16            limits your use, and you acknowledge, that the Software may not be modified,
     17            copied or distributed unless embedded on a Texas Instruments microcontroller
     18            or used solely and exclusively in conjunction with a Texas Instruments radio
     19            frequency transceiver, which is integrated into your product.  Other than for
     20            the foregoing purpose, you may not use, reproduce, copy, prepare derivative
     21            works of, modify, distribute, perform, display or sell this Software and/or
     22            its documentation for any purpose.
     23          
     24            YOU FURTHER ACKNOWLEDGE AND AGREE THAT THE SOFTWARE AND DOCUMENTATION ARE
     25            PROVIDED “AS IS?WITHOUT WARRANTY OF ANY KIND, EITHER EXPRESS OR IMPLIED, 
     26            INCLUDING WITHOUT LIMITATION, ANY WARRANTY OF MERCHANTABILITY, TITLE, 
     27            NON-INFRINGEMENT AND FITNESS FOR A PARTICULAR PURPOSE. IN NO EVENT SHALL
     28            TEXAS INSTRUMENTS OR ITS LICENSORS BE LIABLE OR OBLIGATED UNDER CONTRACT,
     29            NEGLIGENCE, STRICT LIABILITY, CONTRIBUTION, BREACH OF WARRANTY, OR OTHER
     30            LEGAL EQUITABLE THEORY ANY DIRECT OR INDIRECT DAMAGES OR EXPENSES
     31            INCLUDING BUT NOT LIMITED TO ANY INCIDENTAL, SPECIAL, INDIRECT, PUNITIVE
     32            OR CONSEQUENTIAL DAMAGES, LOST PROFITS OR LOST DATA, COST OF PROCUREMENT
     33            OF SUBSTITUTE GOODS, TECHNOLOGY, SERVICES, OR ANY CLAIMS BY THIRD PARTIES
     34            (INCLUDING BUT NOT LIMITED TO ANY DEFENSE THEREOF), OR OTHER SIMILAR COSTS.
     35          
     36            Should you have any questions regarding your right to use this Software,
     37            contact Texas Instruments Incorporated at www.TI.com. 
     38          **************************************************************************************************/
     39          
     40          /*********************************************************************
     41            This application isn't intended to do anything useful, it is
     42            intended to be a simple example of an application's structure.
     43          
     44            This application sends "Hello World" to another "Generic"
     45            application every 15 seconds.  The application will also
     46            receive "Hello World" packets.
     47          
     48            The "Hello World" messages are sent/received as MSG type message.
     49          
     50            This applications doesn't have a profile, so it handles everything
     51            directly - itself.
     52          
     53            Key control:
     54              SW1:
     55              SW2:  initiates end device binding
     56              SW3:
     57              SW4:  initiates a match description request
     58          *********************************************************************/
     59          
     60          /*********************************************************************
     61           * INCLUDES
     62           */
     63          #include "OSAL.h"
     64          #include "AF.h"
     65          #include "ZDApp.h"
     66          #include "ZDObject.h"
     67          #include "ZDProfile.h"
     68          
     69          #include "GenericApp.h"
     70          #include "DebugTrace.h"
     71          
     72          #if !defined( WIN32 )
     73            #include "OnBoard.h"
     74          #endif
     75          
     76          /* HAL */
     77          #include "hal_adc.h"
     78          #include "hal_lcd.h"
     79          #include "hal_led.h"
     80          #include "hal_key.h"
     81          #include "hal_uart.h"
     82          #include "hal_ds18b20.h"
     83          #include "stdio.h"
     84          
     85          
     86          /*********************************************************************
     87           * MACROS
     88           */
     89          
     90          /*********************************************************************
     91           * CONSTANTS
     92           */

   \                                 In  segment XDATA_Z, align 1, keep-with-next
     93           unsigned char err_count = 0;
   \                     err_count:
   \   000000                DS 1
   \   000001                REQUIRE __INIT_XDATA_Z
     94          
     95          /*********************************************************************
     96           * TYPEDEFS
     97           */
     98          
     99          /*********************************************************************
    100           * GLOBAL VARIABLES
    101           */
    102          
    103          // This list should be filled with Application specific Cluster IDs.

   \                                 In  segment XDATA_ROM_C, align 1
    104          const cId_t GenericApp_ClusterList[GENERICAPP_MAX_CLUSTERS] =
   \                     GenericApp_ClusterList:
   \   000000   0100         DW 1
    105          {
    106            GENERICAPP_CLUSTERID
    107          };
    108          

   \                                 In  segment XDATA_ROM_C, align 1
    109          const SimpleDescriptionFormat_t GenericApp_SimpleDesc =
   \                     GenericApp_SimpleDesc:
   \   000000   01           DB 1
   \   000001   040F0100     DW 3844, 1
   \   000005   0001         DB 0, 1
   \   000007   ....         DW GenericApp_ClusterList
   \   000009   01           DB 1
   \   00000A   ....         DW GenericApp_ClusterList
    110          {
    111            GENERICAPP_ENDPOINT,              //  int Endpoint;
    112            GENERICAPP_PROFID,                //  uint16 AppProfId[2];
    113            GENERICAPP_DEVICEID,              //  uint16 AppDeviceId[2];
    114            GENERICAPP_DEVICE_VERSION,        //  int   AppDevVer:4;
    115            GENERICAPP_FLAGS,                 //  int   AppFlags:4;
    116            GENERICAPP_MAX_CLUSTERS,          //  byte  AppNumInClusters;
    117            (cId_t *)GenericApp_ClusterList,  //  byte *pAppInClusterList;
    118            GENERICAPP_MAX_CLUSTERS,          //  byte  AppNumInClusters;
    119            (cId_t *)GenericApp_ClusterList   //  byte *pAppInClusterList;
    120          };
    121          
    122          // This is the Endpoint/Interface description.  It is defined here, but
    123          // filled-in in GenericApp_Init().  Another way to go would be to fill
    124          // in the structure here and make it a "const" (in code space).  The
    125          // way it's defined in this sample app it is define in RAM.

   \                                 In  segment XDATA_Z, align 1, keep-with-next
    126          endPointDesc_t GenericApp_epDesc;
   \                     GenericApp_epDesc:
   \   000000                DS 6
   \   000006                REQUIRE __INIT_XDATA_Z
    127          
    128          /*********************************************************************
    129           * EXTERNAL VARIABLES
    130           */
    131          
    132          /*********************************************************************
    133           * EXTERNAL FUNCTIONS
    134           */
    135          
    136          /*********************************************************************
    137           * LOCAL VARIABLES
    138           */

   \                                 In  segment XDATA_Z, align 1, keep-with-next
    139          byte GenericApp_TaskID;   // Task ID for internal task/event processing
   \                     GenericApp_TaskID:
   \   000000                DS 1
   \   000001                REQUIRE __INIT_XDATA_Z
    140                                    // This variable will be received when
    141                                    // GenericApp_Init() is called.

   \                                 In  segment XDATA_Z, align 1, keep-with-next
    142          devStates_t GenericApp_NwkState;
   \                     GenericApp_NwkState:
   \   000000                DS 1
   \   000001                REQUIRE __INIT_XDATA_Z
    143          
    144          

   \                                 In  segment XDATA_Z, align 1, keep-with-next
    145          byte GenericApp_TransID;  // This is the unique message ID (counter)
   \                     GenericApp_TransID:
   \   000000                DS 1
   \   000001                REQUIRE __INIT_XDATA_Z
    146          

   \                                 In  segment XDATA_Z, align 1, keep-with-next
    147          afAddrType_t GenericApp_DstAddr;
   \                     GenericApp_DstAddr:
   \   000000                DS 12
   \   00000C                REQUIRE __INIT_XDATA_Z
    148          
    149          /*********************************************************************
    150           * LOCAL FUNCTIONS
    151           */
    152          void GenericApp_ProcessZDOMsgs( zdoIncomingMsg_t *inMsg );
    153          void GenericApp_MessageMSGCB( afIncomingMSGPacket_t *pckt );
    154          void GenericApp_SendTheMessage( void );
    155          
    156          /*********************************************************************
    157           * NETWORK LAYER CALLBACKS
    158           */
    159          
    160          /*********************************************************************
    161           * PUBLIC FUNCTIONS
    162           */
    163          
    164          /*********************************************************************
    165           * @fn      GenericApp_Init
    166           *
    167           * @brief   Initialization function for the Generic App Task.
    168           *          This is called during initialization and should contain
    169           *          any application specific initialization (ie. hardware
    170           *          initialization/setup, table initialization, power up
    171           *          notificaiton ... ).
    172           *
    173           * @param   task_id - the ID assigned by OSAL.  This ID should be
    174           *                    used to send messages and set timers.
    175           *
    176           * @return  none
    177           */

   \                                 In  segment BANKED_CODE, align 1, keep-with-next
    178          void GenericApp_Init( byte task_id )
   \                     GenericApp_Init:
    179          {
   \   000000   74F7         MOV     A,#-0x9
   \   000002   12....       LCALL   ?BANKED_ENTER_XDATA
   \   000005                ; Saved register size: 9
   \   000005                ; Auto size: 0
   \   000005   E9           MOV     A,R1
    180            GenericApp_TaskID = task_id;
   \   000006   90....       MOV     DPTR,#GenericApp_TaskID
   \   000009   F0           MOVX    @DPTR,A
    181            GenericApp_NwkState = DEV_INIT;
   \   00000A   7401         MOV     A,#0x1
   \   00000C   90....       MOV     DPTR,#GenericApp_NwkState
   \   00000F   F0           MOVX    @DPTR,A
    182            GenericApp_TransID = 0;
   \   000010   E4           CLR     A
   \   000011   90....       MOV     DPTR,#GenericApp_TransID
   \   000014   F0           MOVX    @DPTR,A
    183            
    184            HalUARTInit();
   \   000015                ; Setup parameters for call to function HalUARTInit
   \   000015   12....       LCALL   ??HalUARTInit?relay
    185          
    186            // Device hardware initialization can be added here or in main() (Zmain.c).
    187            // If the hardware is application specific - add it here.
    188            // If the hardware is other parts of the device add it in main().
    189          
    190            GenericApp_DstAddr.addrMode = (afAddrMode_t)Addr16Bit;
   \   000018   7402         MOV     A,#0x2
   \   00001A   90....       MOV     DPTR,#(GenericApp_DstAddr + 8)
   \   00001D   F0           MOVX    @DPTR,A
    191            GenericApp_DstAddr.endPoint = 0x20;  //endPoint 0x20 is Coordinator
   \   00001E   7420         MOV     A,#0x20
   \   000020   90....       MOV     DPTR,#(GenericApp_DstAddr + 9)
   \   000023   F0           MOVX    @DPTR,A
    192            GenericApp_DstAddr.addr.shortAddr = 0x0000;  //shortAddr of Coordinator is always 0000
   \   000024   90....       MOV     DPTR,#GenericApp_DstAddr
   \   000027   E4           CLR     A
   \   000028   F0           MOVX    @DPTR,A
   \   000029   A3           INC     DPTR
   \   00002A   F0           MOVX    @DPTR,A
    193            // Fill out the endpoint description.
    194            GenericApp_epDesc.endPoint = GENERICAPP_ENDPOINT;
   \   00002B   7401         MOV     A,#0x1
   \   00002D   90....       MOV     DPTR,#GenericApp_epDesc
   \   000030   F0           MOVX    @DPTR,A
    195            GenericApp_epDesc.task_id = &GenericApp_TaskID;
   \   000031   90....       MOV     DPTR,#(GenericApp_epDesc + 1)
   \   000034   74..         MOV     A,#(GenericApp_TaskID & 0xff)
   \   000036   F0           MOVX    @DPTR,A
   \   000037   A3           INC     DPTR
   \   000038   74..         MOV     A,#((GenericApp_TaskID >> 8) & 0xff)
   \   00003A   F0           MOVX    @DPTR,A
    196            GenericApp_epDesc.simpleDesc
    197                      = (SimpleDescriptionFormat_t *)&GenericApp_SimpleDesc;
   \   00003B   90....       MOV     DPTR,#(GenericApp_epDesc + 3)
   \   00003E   74..         MOV     A,#(GenericApp_SimpleDesc & 0xff)
   \   000040   F0           MOVX    @DPTR,A
   \   000041   A3           INC     DPTR
   \   000042   74..         MOV     A,#((GenericApp_SimpleDesc >> 8) & 0xff)
   \   000044   F0           MOVX    @DPTR,A
    198            GenericApp_epDesc.latencyReq = noLatencyReqs;
   \   000045   E4           CLR     A
   \   000046   90....       MOV     DPTR,#(GenericApp_epDesc + 5)
   \   000049   F0           MOVX    @DPTR,A
    199          
    200            // Register the endpoint description with the AF
    201            afRegister( &GenericApp_epDesc );
   \   00004A                ; Setup parameters for call to function afRegister
   \   00004A   7A..         MOV     R2,#(GenericApp_epDesc & 0xff)
   \   00004C   7B..         MOV     R3,#((GenericApp_epDesc >> 8) & 0xff)
   \   00004E   12....       LCALL   ??afRegister?relay
    202          
    203            // Register for all key events - This app will handle all key events
    204            RegisterForKeys( GenericApp_TaskID );
   \   000051                ; Setup parameters for call to function RegisterForKeys
   \   000051   90....       MOV     DPTR,#GenericApp_TaskID
   \   000054   E0           MOVX    A,@DPTR
   \   000055   F9           MOV     R1,A
   \   000056   12....       LCALL   ??RegisterForKeys?relay
    205          
    206            // Update the display
    207          #if defined ( LCD_SUPPORTED )
    208              HalLcdWriteString( "GenericApp", HAL_LCD_LINE_1 );
    209          #endif
    210              
    211            //ZDO_RegisterForZDOMsg( GenericApp_TaskID, End_Device_Bind_rsp );
    212            //ZDO_RegisterForZDOMsg( GenericApp_TaskID, Match_Desc_rsp );
    213            //printf("\r\nGenericApp init complete!\r\n");
    214          }
   \   000059   7F01         MOV     R7,#0x1
   \   00005B   02....       LJMP    ?BANKED_LEAVE_XDATA
    215          
    216          /*********************************************************************
    217           * @fn      GenericApp_ProcessEvent
    218           *
    219           * @brief   Generic Application Task event processor.  This function
    220           *          is called to process all events for the task.  Events
    221           *          include timers, messages and any other user defined events.
    222           *
    223           * @param   task_id  - The OSAL assigned task ID.
    224           * @param   events - events to process.  This is a bit map and can
    225           *                   contain more than one event.
    226           *
    227           * @return  none
    228           */

   \                                 In  segment BANKED_CODE, align 1, keep-with-next
    229          UINT16 GenericApp_ProcessEvent( byte task_id, UINT16 events )
   \                     GenericApp_ProcessEvent:
    230          {
   \   000000   74F4         MOV     A,#-0xc
   \   000002   12....       LCALL   ?BANKED_ENTER_XDATA
   \   000005                ; Saved register size: 12
   \   000005                ; Auto size: 0
   \   000005   EA           MOV     A,R2
   \   000006   FE           MOV     R6,A
   \   000007   EB           MOV     A,R3
   \   000008   FF           MOV     R7,A
    231            afIncomingMSGPacket_t *MSGpkt;
    232            afDataConfirm_t *afDataConfirm;
    233          
    234            // Data Confirmation message fields
    235            byte sentEP;
    236            ZStatus_t sentStatus;
    237            byte sentTransID;       // This should match the value sent
    238            (void)task_id;  // Intentionally unreferenced parameter
    239            //printf("\r\nEvent Processing!");
    240            if ( events & SYS_EVENT_MSG )
   \   000009   7480         MOV     A,#-0x80
   \   00000B   5F           ANL     A,R7
   \   00000C   F9           MOV     R1,A
   \   00000D   E4           CLR     A
   \   00000E   7001         JNZ     ??GenericApp_ProcessEvent_0
   \   000010   E9           MOV     A,R1
   \                     ??GenericApp_ProcessEvent_0:
   \   000011   607B         JZ      ??GenericApp_ProcessEvent_1
    241            {
    242              MSGpkt = (afIncomingMSGPacket_t *)osal_msg_receive( GenericApp_TaskID );
   \   000013                ; Setup parameters for call to function osal_msg_receive
   \   000013   800E         SJMP    ??GenericApp_ProcessEvent_2
    243              while ( MSGpkt )
    244              {
    245                switch ( MSGpkt->hdr.event )
    246                {
    247                  case ZDO_CB_MSG:
    248                    GenericApp_ProcessZDOMsgs( (zdoIncomingMsg_t *)MSGpkt );
   \                     ??GenericApp_ProcessEvent_3:
   \   000015                ; Setup parameters for call to function GenericApp_ProcessZDOMsgs
   \   000015   AA..         MOV     R2,?V0 + 0
   \   000017   AB..         MOV     R3,?V0 + 1
   \   000019   12....       LCALL   ??GenericApp_ProcessZDOMsgs?relay
    249                    break;
    250          
    251                  case AF_DATA_CONFIRM_CMD:
    252                    // This message is received as a confirmation of a data packet sent.
    253                    // The status is of ZStatus_t type [defined in ZComDef.h]
    254                    // The message fields are defined in AF.h
    255                    afDataConfirm = (afDataConfirm_t *)MSGpkt;
    256                    sentEP = afDataConfirm->endpoint;
    257                    sentStatus = afDataConfirm->hdr.status;
    258                    sentTransID = afDataConfirm->transID;
    259                    (void)sentEP;
    260                    (void)sentTransID;
    261          
    262                    // Action taken when confirmation is received.
    263                    if ( sentStatus != ZSuccess )
    264                    {
    265                      // The data wasn't delivered -- Do something
    266                      //printf("\r\n Data not sent");
    267          
    268                    }
    269                    break;
    270          
    271                  case AF_INCOMING_MSG_CMD:
    272                    //printf("\r\n Msg Coming");
    273                    GenericApp_MessageMSGCB( MSGpkt );
    274                    break;
    275          
    276                  case ZDO_STATE_CHANGE:
    277                    //printf("\r\n State Changed");
    278                    GenericApp_NwkState = (devStates_t)(MSGpkt->hdr.status);
    279                    if ( (GenericApp_NwkState == DEV_ZB_COORD)
    280                        || (GenericApp_NwkState == DEV_ROUTER)
    281                        || (GenericApp_NwkState == DEV_END_DEVICE) )
    282                    {
    283                      // Start sending "the" message in a regular interval.
    284                      osal_start_timerEx( GenericApp_TaskID,
    285                                          GENERICAPP_SEND_MSG_EVT,
    286                                        GENERICAPP_SEND_MSG_TIMEOUT );
    287                    }
    288                    break;
    289                    
    290                  default:
    291                    break;
    292                }
    293          
    294                // Release the memory
    295                osal_msg_deallocate( (uint8 *)MSGpkt );
   \                     ??GenericApp_ProcessEvent_4:
   \   00001C                ; Setup parameters for call to function osal_msg_deallocate
   \   00001C   AA..         MOV     R2,?V0 + 0
   \   00001E   AB..         MOV     R3,?V0 + 1
   \   000020   12....       LCALL   ??osal_msg_deallocate?relay
    296          
    297                // Next
    298                MSGpkt = (afIncomingMSGPacket_t *)osal_msg_receive( GenericApp_TaskID );
   \   000023                ; Setup parameters for call to function osal_msg_receive
   \                     ??GenericApp_ProcessEvent_2:
   \   000023   90....       MOV     DPTR,#GenericApp_TaskID
   \   000026   E0           MOVX    A,@DPTR
   \   000027   F9           MOV     R1,A
   \   000028   12....       LCALL   ??osal_msg_receive?relay
   \   00002B   8A..         MOV     ?V0 + 0,R2
   \   00002D   8B..         MOV     ?V0 + 1,R3
   \   00002F   E5..         MOV     A,?V0 + 0
   \   000031   7002         JNZ     ??GenericApp_ProcessEvent_5
   \   000033   E5..         MOV     A,?V0 + 1
   \                     ??GenericApp_ProcessEvent_5:
   \   000035   604F         JZ      ??GenericApp_ProcessEvent_6
   \   000037   85..82       MOV     DPL,?V0 + 0
   \   00003A   85..83       MOV     DPH,?V0 + 1
   \   00003D   E0           MOVX    A,@DPTR
   \   00003E   12....       LCALL   ?UC_SWITCH_SPARSE
   \                     `?<Jumptable for GenericApp_ProcessEvent>_0`:
   \   000041   00           DB        0
   \   000042   04           DB        4
   \   000043   1A           DB        26
   \   000044   ....         DW        ??GenericApp_ProcessEvent_7
   \   000046   D1           DB        209
   \   000047   ....         DW        ??GenericApp_ProcessEvent_8
   \   000049   D3           DB        211
   \   00004A   ....         DW        ??GenericApp_ProcessEvent_3
   \   00004C   FD           DB        253
   \   00004D   ....         DW        ??GenericApp_ProcessEvent_4
   \   00004F   ....         DW        ??GenericApp_ProcessEvent_4
   \                     ??GenericApp_ProcessEvent_7:
   \   000051                ; Setup parameters for call to function GenericApp_MessageMSGCB
   \   000051   AA..         MOV     R2,?V0 + 0
   \   000053   AB..         MOV     R3,?V0 + 1
   \   000055   12....       LCALL   ??GenericApp_MessageMSGCB?relay
   \   000058   80C2         SJMP    ??GenericApp_ProcessEvent_4
   \                     ??GenericApp_ProcessEvent_8:
   \   00005A   85..82       MOV     DPL,?V0 + 0
   \   00005D   85..83       MOV     DPH,?V0 + 1
   \   000060   A3           INC     DPTR
   \   000061   E0           MOVX    A,@DPTR
   \   000062   90....       MOV     DPTR,#GenericApp_NwkState
   \   000065   F0           MOVX    @DPTR,A
   \   000066   6409         XRL     A,#0x9
   \   000068   600A         JZ      ??GenericApp_ProcessEvent_9
   \   00006A   E0           MOVX    A,@DPTR
   \   00006B   6407         XRL     A,#0x7
   \   00006D   6005         JZ      ??GenericApp_ProcessEvent_9
   \   00006F   E0           MOVX    A,@DPTR
   \   000070   6406         XRL     A,#0x6
   \   000072   70A8         JNZ     ??GenericApp_ProcessEvent_4
   \                     ??GenericApp_ProcessEvent_9:
   \   000074                ; Setup parameters for call to function osal_start_timerEx
   \   000074   7C10         MOV     R4,#0x10
   \   000076   7D27         MOV     R5,#0x27
   \   000078   7A01         MOV     R2,#0x1
   \   00007A   7B00         MOV     R3,#0x0
   \   00007C   90....       MOV     DPTR,#GenericApp_TaskID
   \   00007F   E0           MOVX    A,@DPTR
   \   000080   F9           MOV     R1,A
   \   000081   12....       LCALL   ??osal_start_timerEx?relay
   \   000084   8096         SJMP    ??GenericApp_ProcessEvent_4
    299              }
    300          
    301              // return unprocessed events
    302              return (events ^ SYS_EVENT_MSG);
   \                     ??GenericApp_ProcessEvent_6:
   \   000086   EE           MOV     A,R6
   \   000087   FA           MOV     R2,A
   \   000088   7480         MOV     A,#-0x80
   \   00008A   6F           XRL     A,R7
   \                     ??GenericApp_ProcessEvent_10:
   \   00008B   FB           MOV     R3,A
   \   00008C   8023         SJMP    ??GenericApp_ProcessEvent_11
    303            }
    304          
    305            // Send a message out - This event is generated by a timer
    306            //  (setup in GenericApp_Init()).
    307            if ( events & GENERICAPP_SEND_MSG_EVT )
   \                     ??GenericApp_ProcessEvent_1:
   \   00008E   EE           MOV     A,R6
   \   00008F   A2E0         MOV     C,0xE0 /* A   */.0
   \   000091   501A         JNC     ??GenericApp_ProcessEvent_12
    308            {
    309              // Send "the" message
    310              GenericApp_SendTheMessage();
   \   000093                ; Setup parameters for call to function GenericApp_SendTheMessage
   \   000093   12....       LCALL   ??GenericApp_SendTheMessage?relay
    311          
    312              // Setup to send message again
    313              osal_start_timerEx( GenericApp_TaskID,
    314                                  GENERICAPP_SEND_MSG_EVT,
    315                                GENERICAPP_SEND_MSG_TIMEOUT );
   \   000096                ; Setup parameters for call to function osal_start_timerEx
   \   000096   7C10         MOV     R4,#0x10
   \   000098   7D27         MOV     R5,#0x27
   \   00009A   7A01         MOV     R2,#0x1
   \   00009C   7B00         MOV     R3,#0x0
   \   00009E   90....       MOV     DPTR,#GenericApp_TaskID
   \   0000A1   E0           MOVX    A,@DPTR
   \   0000A2   F9           MOV     R1,A
   \   0000A3   12....       LCALL   ??osal_start_timerEx?relay
    316          
    317              // return unprocessed events
    318              return (events ^ GENERICAPP_SEND_MSG_EVT);
   \   0000A6   7401         MOV     A,#0x1
   \   0000A8   6E           XRL     A,R6
   \   0000A9   FA           MOV     R2,A
   \   0000AA   EF           MOV     A,R7
   \   0000AB   80DE         SJMP    ??GenericApp_ProcessEvent_10
    319            }
    320          
    321            // Discard unknown events
    322            return 0;
   \                     ??GenericApp_ProcessEvent_12:
   \   0000AD   7A00         MOV     R2,#0x0
   \   0000AF   7B00         MOV     R3,#0x0
   \                     ??GenericApp_ProcessEvent_11:
   \   0000B1   7F04         MOV     R7,#0x4
   \   0000B3   02....       LJMP    ?BANKED_LEAVE_XDATA
    323          }
    324          
    325          /*********************************************************************
    326           * Event Generation Functions
    327           */
    328          
    329          /*********************************************************************
    330           * @fn      GenericApp_ProcessZDOMsgs()
    331           *
    332           * @brief   Process response messages
    333           *
    334           * @param   none
    335           *
    336           * @return  none
    337           */

   \                                 In  segment BANKED_CODE, align 1, keep-with-next
    338          void GenericApp_ProcessZDOMsgs( zdoIncomingMsg_t *inMsg )
   \                     GenericApp_ProcessZDOMsgs:
    339          {
   \   000000   74F6         MOV     A,#-0xa
   \   000002   12....       LCALL   ?BANKED_ENTER_XDATA
   \   000005                ; Saved register size: 10
   \   000005                ; Auto size: 0
    340            switch ( inMsg->clusterID )
   \   000005   EA           MOV     A,R2
   \   000006   240C         ADD     A,#0xc
   \   000008   12....       LCALL   ?Subroutine1 & 0xFFFF
   \                     ??CrossCallReturnLabel_0:
   \   00000B   78..         MOV     R0,#?V0 + 0
   \   00000D   12....       LCALL   ?US_SWITCH_SPARSE
   \                     `?<Jumptable for GenericApp_ProcessZDOMsgs>_0`:
   \   000010   0000         DW        0
   \   000012   0200         DW        2
   \   000014   0680         DW        32774
   \   000016   ....         DW        ??GenericApp_ProcessZDOMsgs_0
   \   000018   2080         DW        32800
   \   00001A   ....         DW        ??GenericApp_ProcessZDOMsgs_1
   \   00001C   ....         DW        ??GenericApp_ProcessZDOMsgs_2
    341            {
    342              case End_Device_Bind_rsp:
    343                if ( ZDO_ParseBindRsp( inMsg ) == ZSuccess )
   \                     ??GenericApp_ProcessZDOMsgs_1:
   \   00001E   EA           MOV     A,R2
   \   00001F   2413         ADD     A,#0x13
   \   000021   F582         MOV     DPL,A
   \   000023   EB           MOV     A,R3
   \   000024   3400         ADDC    A,#0x0
   \   000026   F583         MOV     DPH,A
   \   000028   E0           MOVX    A,@DPTR
   \   000029   F8           MOV     R0,A
   \   00002A   A3           INC     DPTR
   \   00002B   E0           MOVX    A,@DPTR
   \   00002C   F583         MOV     DPH,A
   \   00002E   8882         MOV     DPL,R0
   \   000030   E0           MOVX    A,@DPTR
   \   000031   7009         JNZ     ??GenericApp_ProcessZDOMsgs_3
    344                {
    345                  // Light LED
    346                  HalLedSet( HAL_LED_4, HAL_LED_MODE_ON );
   \   000033                ; Setup parameters for call to function HalLedSet
   \   000033   7A01         MOV     R2,#0x1
   \                     ??GenericApp_ProcessZDOMsgs_4:
   \   000035   7908         MOV     R1,#0x8
   \   000037   12....       LCALL   ??HalLedSet?relay
   \   00003A   8055         SJMP    ??GenericApp_ProcessZDOMsgs_2
    347                }
    348          #if defined(BLINK_LEDS)
    349                else
    350                {
    351                  // Flash LED to show failure
    352                  HalLedSet ( HAL_LED_4, HAL_LED_MODE_FLASH );
   \                     ??GenericApp_ProcessZDOMsgs_3:
   \   00003C                ; Setup parameters for call to function HalLedSet
   \   00003C   7A04         MOV     R2,#0x4
   \   00003E   80F5         SJMP    ??GenericApp_ProcessZDOMsgs_4
    353                }
    354          #endif
    355                break;
    356          
    357              case Match_Desc_rsp:
    358                {
    359                  ZDO_ActiveEndpointRsp_t *pRsp = ZDO_ParseEPListRsp( inMsg );
   \                     ??GenericApp_ProcessZDOMsgs_0:
   \   000040                ; Setup parameters for call to function ZDO_ParseEPListRsp
   \   000040   12....       LCALL   ??ZDO_ParseEPListRsp?relay
   \   000043   8A..         MOV     ?V0 + 0,R2
   \   000045   8B..         MOV     ?V0 + 1,R3
   \   000047   AE..         MOV     R6,?V0 + 0
   \   000049   AF..         MOV     R7,?V0 + 1
    360                  if ( pRsp )
   \   00004B   EE           MOV     A,R6
   \   00004C   7001         JNZ     ??GenericApp_ProcessZDOMsgs_5
   \   00004E   EF           MOV     A,R7
   \                     ??GenericApp_ProcessZDOMsgs_5:
   \   00004F   6040         JZ      ??GenericApp_ProcessZDOMsgs_2
    361                  {
    362                    if ( pRsp->status == ZSuccess && pRsp->cnt )
   \   000051   8E82         MOV     DPL,R6
   \   000053   8F83         MOV     DPH,R7
   \   000055   E0           MOVX    A,@DPTR
   \   000056   7032         JNZ     ??GenericApp_ProcessZDOMsgs_6
   \   000058   A3           INC     DPTR
   \   000059   A3           INC     DPTR
   \   00005A   A3           INC     DPTR
   \   00005B   E0           MOVX    A,@DPTR
   \   00005C   602C         JZ      ??GenericApp_ProcessZDOMsgs_6
    363                    {
    364                      GenericApp_DstAddr.addrMode = (afAddrMode_t)Addr16Bit;
   \   00005E   7402         MOV     A,#0x2
   \   000060   90....       MOV     DPTR,#(GenericApp_DstAddr + 8)
   \   000063   F0           MOVX    @DPTR,A
    365                      GenericApp_DstAddr.addr.shortAddr = pRsp->nwkAddr;
   \   000064   8E82         MOV     DPL,R6
   \   000066   8F83         MOV     DPH,R7
   \   000068   A3           INC     DPTR
   \   000069   E0           MOVX    A,@DPTR
   \   00006A   F8           MOV     R0,A
   \   00006B   A3           INC     DPTR
   \   00006C   E0           MOVX    A,@DPTR
   \   00006D   F9           MOV     R1,A
   \   00006E   90....       MOV     DPTR,#GenericApp_DstAddr
   \   000071   E8           MOV     A,R0
   \   000072   F0           MOVX    @DPTR,A
   \   000073   A3           INC     DPTR
   \   000074   E9           MOV     A,R1
   \   000075   F0           MOVX    @DPTR,A
    366                      // Take the first endpoint, Can be changed to search through endpoints
    367                      GenericApp_DstAddr.endPoint = pRsp->epList[0];
   \   000076   8E82         MOV     DPL,R6
   \   000078   8F83         MOV     DPH,R7
   \   00007A   A3           INC     DPTR
   \   00007B   A3           INC     DPTR
   \   00007C   A3           INC     DPTR
   \   00007D   A3           INC     DPTR
   \   00007E   E0           MOVX    A,@DPTR
   \   00007F   90....       MOV     DPTR,#(GenericApp_DstAddr + 9)
   \   000082   F0           MOVX    @DPTR,A
    368          
    369                      // Light LED
    370                      HalLedSet( HAL_LED_4, HAL_LED_MODE_ON );
   \   000083                ; Setup parameters for call to function HalLedSet
   \   000083   7A01         MOV     R2,#0x1
   \   000085   7908         MOV     R1,#0x8
   \   000087   12....       LCALL   ??HalLedSet?relay
    371                    }
    372                    osal_mem_free( pRsp );
   \                     ??GenericApp_ProcessZDOMsgs_6:
   \   00008A                ; Setup parameters for call to function osal_mem_free
   \   00008A   EE           MOV     A,R6
   \   00008B   FA           MOV     R2,A
   \   00008C   EF           MOV     A,R7
   \   00008D   FB           MOV     R3,A
   \   00008E   12....       LCALL   ??osal_mem_free?relay
    373                  }
    374                }
    375                break;
    376            }
    377          }
   \                     ??GenericApp_ProcessZDOMsgs_2:
   \   000091                REQUIRE ?Subroutine0
   \   000091                ; // Fall through to label ?Subroutine0

   \                                 In  segment BANKED_CODE, align 1, keep-with-next
   \                     ?Subroutine0:
   \   000000   7F02         MOV     R7,#0x2
   \   000002   02....       LJMP    ?BANKED_LEAVE_XDATA

   \                                 In  segment BANKED_CODE, align 1, keep-with-next
   \                     ?Subroutine1:
   \   000000   F582         MOV     DPL,A
   \   000002   EB           MOV     A,R3
   \   000003   3400         ADDC    A,#0x0
   \   000005   F583         MOV     DPH,A
   \   000007   E0           MOVX    A,@DPTR
   \   000008   F5..         MOV     ?V0 + 0,A
   \   00000A   A3           INC     DPTR
   \   00000B   E0           MOVX    A,@DPTR
   \   00000C   F5..         MOV     ?V0 + 1,A
   \   00000E   22           RET
    378          
    379          
    380          /*********************************************************************
    381           * LOCAL FUNCTIONS
    382           */
    383          
    384          /*********************************************************************
    385           * @fn      GenericApp_MessageMSGCB
    386           *
    387           * @brief   Data message processor callback.  This function processes
    388           *          any incoming data - probably from other devices.  So, based
    389           *          on cluster ID, perform the intended action.
    390           *
    391           * @param   none
    392           *
    393           * @return  none
    394           */

   \                                 In  segment BANKED_CODE, align 1, keep-with-next
    395          void GenericApp_MessageMSGCB( afIncomingMSGPacket_t *pkt )
   \                     GenericApp_MessageMSGCB:
    396          {
   \   000000   74F5         MOV     A,#-0xb
   \   000002   12....       LCALL   ?BANKED_ENTER_XDATA
   \   000005                ; Saved register size: 11
   \   000005                ; Auto size: 6
   \   000005   74FA         MOV     A,#-0x6
   \   000007   12....       LCALL   ?ALLOC_XSTACK8
    397            unsigned char cmd = 0;
                                 ^
Warning[Pe177]: variable "cmd" was declared but never referenced
    398            unsigned int data = 0;
                                ^
Warning[Pe177]: variable "data" was declared but never referenced
    399            unsigned char buf[6] = "";
   \   00000A   85..82       MOV     DPL,?XSP + 0
   \   00000D   85..83       MOV     DPH,?XSP + 1
   \   000010   AC82         MOV     R4,DPL
   \   000012   AD83         MOV     R5,DPH
   \   000014   7583..       MOV     DPH,#((`?<Constant "">` >> 8) & 0xff)
   \   000017   7582..       MOV     DPL,#(`?<Constant "">` & 0xff)
   \   00001A   7406         MOV     A,#0x6
   \   00001C   12....       LCALL   ?MOVE_LONG8_XDATA_XDATA
    400            switch ( pkt->clusterId )
   \   00001F   8A82         MOV     DPL,R2
   \   000021   8B83         MOV     DPH,R3
   \   000023   A3           INC     DPTR
   \   000024   A3           INC     DPTR
   \   000025   A3           INC     DPTR
   \   000026   A3           INC     DPTR
   \   000027   E0           MOVX    A,@DPTR
   \   000028   6401         XRL     A,#0x1
   \   00002A   7002         JNZ     ??GenericApp_MessageMSGCB_0
   \   00002C   A3           INC     DPTR
   \   00002D   E0           MOVX    A,@DPTR
   \                     ??GenericApp_MessageMSGCB_0:
   \   00002E   7043         JNZ     ??GenericApp_MessageMSGCB_1
    401            {
    402              case GENERICAPP_CLUSTERID:
    403                osal_memcpy(buf, pkt->cmd.Data, 5);
   \   000030                ; Setup parameters for call to function osal_memcpy
   \   000030   EA           MOV     A,R2
   \   000031   2421         ADD     A,#0x21
   \   000033   12....       LCALL   ?Subroutine1 & 0xFFFF
   \                     ??CrossCallReturnLabel_1:
   \   000036   75..00       MOV     ?V0 + 2,#0x0
   \   000039   78..         MOV     R0,#?V0 + 0
   \   00003B   12....       LCALL   ?PUSH_XSTACK_I_THREE
   \   00003E   7C05         MOV     R4,#0x5
   \   000040   7D00         MOV     R5,#0x0
   \   000042   7403         MOV     A,#0x3
   \   000044   12....       LCALL   ?XSTACK_DISP0_8
   \   000047   AA82         MOV     R2,DPL
   \   000049   AB83         MOV     R3,DPH
   \   00004B   12....       LCALL   ??osal_memcpy?relay
   \   00004E   7403         MOV     A,#0x3
   \   000050   12....       LCALL   ?DEALLOC_XSTACK8
    404                HalUARTWrite(0, "Msg!\r\n", 8);
   \   000053                ; Setup parameters for call to function HalUARTWrite
   \   000053   7C08         MOV     R4,#0x8
   \   000055   7D00         MOV     R5,#0x0
   \   000057   7A..         MOV     R2,#(`?<Constant "Msg!\\r\\n">` & 0xff)
   \   000059   7B..         MOV     R3,#((`?<Constant "Msg!\\r\\n">` >> 8) & 0xff)
   \   00005B   7900         MOV     R1,#0x0
   \   00005D   12....       LCALL   ??HalUARTWrite?relay
    405                HalUARTWrite(0, buf, 5);
   \   000060                ; Setup parameters for call to function HalUARTWrite
   \   000060   7C05         MOV     R4,#0x5
   \   000062   7D00         MOV     R5,#0x0
   \   000064   85..82       MOV     DPL,?XSP + 0
   \   000067   85..83       MOV     DPH,?XSP + 1
   \   00006A   AA82         MOV     R2,DPL
   \   00006C   AB83         MOV     R3,DPH
   \   00006E   7900         MOV     R1,#0x0
   \   000070   12....       LCALL   ??HalUARTWrite?relay
    406                break;
    407            }
    408          }
   \                     ??GenericApp_MessageMSGCB_1:
   \   000073   7406         MOV     A,#0x6
   \   000075   12....       LCALL   ?DEALLOC_XSTACK8
   \   000078   7F03         MOV     R7,#0x3
   \   00007A   02....       LJMP    ?BANKED_LEAVE_XDATA
    409          
    410          /*********************************************************************
    411           * @fn      GenericApp_SendTheMessage
    412           *
    413           * @brief   Send "the" message.
    414           *
    415           * @param   none
    416           *
    417           * @return  none
    418           */

   \                                 In  segment BANKED_CODE, align 1, keep-with-next
    419          void GenericApp_SendTheMessage( void )
   \                     GenericApp_SendTheMessage:
    420          {
   \   000000   74F6         MOV     A,#-0xa
   \   000002   12....       LCALL   ?BANKED_ENTER_XDATA
   \   000005                ; Saved register size: 10
   \   000005                ; Auto size: 5
   \   000005   74FB         MOV     A,#-0x5
   \   000007   12....       LCALL   ?ALLOC_XSTACK8
    421            unsigned char theMessageData[5] = "";
   \   00000A   85..82       MOV     DPL,?XSP + 0
   \   00000D   85..83       MOV     DPH,?XSP + 1
   \   000010   AC82         MOV     R4,DPL
   \   000012   AD83         MOV     R5,DPH
   \   000014   7583..       MOV     DPH,#((`?<Constant "">_1` >> 8) & 0xff)
   \   000017   7582..       MOV     DPL,#(`?<Constant "">_1` & 0xff)
   \   00001A   7405         MOV     A,#0x5
   \   00001C   12....       LCALL   ?MOVE_LONG8_XDATA_XDATA
    422            unsigned int temp_data = 0;
                                ^
Warning[Pe550]: variable "temp_data" was set but never used
    423            unsigned int sensor_data = 0;
    424            //address or device info in theMessageData
    425            //first byte of theMessageData:
    426            //high 3 bits are the address of coordinator, low 5 bits are the address of end divice
    427            theMessageData[0] = 0x21; //coordinator 001b, end device 00001b
   \   00001F   7421         MOV     A,#0x21
   \   000021   85..82       MOV     DPL,?XSP + 0
   \   000024   85..83       MOV     DPH,?XSP + 1
   \   000027   F0           MOVX    @DPTR,A
    428            theMessageData[1] = 0xCC; //2nd and 3rd byte of theMessageData is reserved or as check code
   \   000028   7401         MOV     A,#0x1
   \   00002A   12....       LCALL   ?XSTACK_DISP0_8
   \   00002D   74CC         MOV     A,#-0x34
   \   00002F   F0           MOVX    @DPTR,A
    429            theMessageData[2] = 0xFF; //2nd and 3rd byte of theMessageData is reserved or as check code
   \   000030   7402         MOV     A,#0x2
   \   000032   12....       LCALL   ?XSTACK_DISP0_8
   \   000035   74FF         MOV     A,#-0x1
   \   000037   F0           MOVX    @DPTR,A
    430            sensor_data = ReadSensorTempData();
    431            osal_buffer_uint16(&theMessageData[3], sensor_data); //4,5th byte of theMessageData store the temp
   \   000038                ; Setup parameters for call to function osal_buffer_uint16
   \   000038                ; Setup parameters for call to function ReadSensorTempData
   \   000038   12....       LCALL   ??ReadSensorTempData?relay
   \   00003B   EA           MOV     A,R2
   \   00003C   FC           MOV     R4,A
   \   00003D   EB           MOV     A,R3
   \   00003E   FD           MOV     R5,A
   \   00003F   7403         MOV     A,#0x3
   \   000041   12....       LCALL   ?XSTACK_DISP0_8
   \   000044   AA82         MOV     R2,DPL
   \   000046   AB83         MOV     R3,DPH
   \   000048   12....       LCALL   ??osal_buffer_uint16?relay
    432            //printf("Temperture:%d.%d¡æ\r\n ",sensor_data/100,sensor_data%100); 
    433            temp_data = HalAdcRead(HAL_ADC_CHN_AIN0,HAL_ADC_RESOLUTION_14);
   \   00004B                ; Setup parameters for call to function HalAdcRead
   \   00004B   7A04         MOV     R2,#0x4
   \   00004D   7900         MOV     R1,#0x0
   \   00004F   12....       LCALL   ??HalAdcRead?relay
    434            //printf("ADC:%d", temp_data);
    435            if ( AF_DataRequest( &GenericApp_DstAddr, &GenericApp_epDesc,
    436                                 GENERICAPP_CLUSTERID,
    437                                 6,//(byte)osal_strlen( theMessageData ) + 1
    438                                 theMessageData,
    439                                 &GenericApp_TransID,
    440                                 AF_DISCV_ROUTE, AF_DEFAULT_RADIUS ) == afStatus_SUCCESS )
   \   000052                ; Setup parameters for call to function AF_DataRequest
   \   000052   75..1E       MOV     ?V0 + 0,#0x1e
   \   000055   78..         MOV     R0,#?V0 + 0
   \   000057   12....       LCALL   ?PUSH_XSTACK_I_ONE
   \   00005A   75....       MOV     ?V0 + 0,#(GenericApp_TransID & 0xff)
   \   00005D   75....       MOV     ?V0 + 1,#((GenericApp_TransID >> 8) & 0xff)
   \   000060   78..         MOV     R0,#?V0 + 0
   \   000062   12....       LCALL   ?PUSH_XSTACK_I_TWO
   \   000065   7403         MOV     A,#0x3
   \   000067   12....       LCALL   ?XSTACK_DISP0_8
   \   00006A   8582..       MOV     ?V0 + 0,DPL
   \   00006D   8583..       MOV     ?V0 + 1,DPH
   \   000070   78..         MOV     R0,#?V0 + 0
   \   000072   12....       LCALL   ?PUSH_XSTACK_I_TWO
   \   000075   75..06       MOV     ?V0 + 0,#0x6
   \   000078   75..00       MOV     ?V0 + 1,#0x0
   \   00007B   78..         MOV     R0,#?V0 + 0
   \   00007D   12....       LCALL   ?PUSH_XSTACK_I_TWO
   \   000080   75..01       MOV     ?V0 + 0,#0x1
   \   000083   78..         MOV     R0,#?V0 + 0
   \   000085   12....       LCALL   ?PUSH_XSTACK_I_TWO
   \   000088   7920         MOV     R1,#0x20
   \   00008A   7C..         MOV     R4,#(GenericApp_epDesc & 0xff)
   \   00008C   7D..         MOV     R5,#((GenericApp_epDesc >> 8) & 0xff)
   \   00008E   7A..         MOV     R2,#(GenericApp_DstAddr & 0xff)
   \   000090   7B..         MOV     R3,#((GenericApp_DstAddr >> 8) & 0xff)
   \   000092   12....       LCALL   ??AF_DataRequest?relay
   \   000095   7409         MOV     A,#0x9
   \   000097   12....       LCALL   ?DEALLOC_XSTACK8
   \   00009A   E9           MOV     A,R1
   \   00009B   600C         JZ      ??GenericApp_SendTheMessage_0
    441            {
    442              // Successfully requested to be sent.
    443              //printf("\r\n  Hello World sent!\r\n");
    444            }
    445            else
    446            {
    447              // Error occurred in request to send.
    448              //printf("\r\n  Hello World not sent!\r\n");
    449              err_count++;
   \   00009D   90....       MOV     DPTR,#err_count
   \   0000A0   E0           MOVX    A,@DPTR
   \   0000A1   04           INC     A
   \   0000A2   F0           MOVX    @DPTR,A
    450              if (err_count == 3) {
   \   0000A3   6403         XRL     A,#0x3
   \   0000A5   7002         JNZ     ??GenericApp_SendTheMessage_0
    451                err_count =0;
   \   0000A7   E4           CLR     A
   \   0000A8   F0           MOVX    @DPTR,A
    452                //printf("\r\n Reseting Device!");
    453                //asm("LJMP 0x0");
    454                //osal_set_event(ZDAppTaskID, ZDO_DEVICE_RESET);
    455              }
    456            }
    457          }
   \                     ??GenericApp_SendTheMessage_0:
   \   0000A9   7405         MOV     A,#0x5
   \   0000AB   12....       LCALL   ?DEALLOC_XSTACK8
   \   0000AE   02....       LJMP    ?Subroutine0 & 0xFFFF

   \                                 In  segment BANK_RELAYS, align 1
   \                     ??GenericApp_Init?relay:
   \   000000   12....       LCALL   ?BDISPATCH
   \   000003   ......       DC24    GenericApp_Init

   \                                 In  segment BANK_RELAYS, align 1
   \                     ??GenericApp_ProcessEvent?relay:
   \   000000   12....       LCALL   ?BDISPATCH
   \   000003   ......       DC24    GenericApp_ProcessEvent

   \                                 In  segment BANK_RELAYS, align 1
   \                     ??GenericApp_ProcessZDOMsgs?relay:
   \   000000   12....       LCALL   ?BDISPATCH
   \   000003   ......       DC24    GenericApp_ProcessZDOMsgs

   \                                 In  segment BANK_RELAYS, align 1
   \                     ??GenericApp_MessageMSGCB?relay:
   \   000000   12....       LCALL   ?BDISPATCH
   \   000003   ......       DC24    GenericApp_MessageMSGCB

   \                                 In  segment BANK_RELAYS, align 1
   \                     ??GenericApp_SendTheMessage?relay:
   \   000000   12....       LCALL   ?BDISPATCH
   \   000003   ......       DC24    GenericApp_SendTheMessage

   \                                 In  segment XDATA_ROM_C, align 1
   \                     `?<Constant "">`:
   \   000000   00           DB ""
   \   000001   00000000     DB 0, 0, 0, 0, 0
   \            00      

   \                                 In  segment XDATA_ROM_C, align 1
   \                     `?<Constant "Msg!\\r\\n">`:
   \   000000   4D736721     DB "Msg!\015\012"
   \            0D0A00  

   \                                 In  segment XDATA_ROM_C, align 1
   \                     `?<Constant "">_1`:
   \   000000   00           DB ""
   \   000001   00000000     DB 0, 0, 0, 0
    458          
    459          /*********************************************************************
    460          *********************************************************************/

   Maximum stack usage in bytes:

     Function                       ISTACK PSTACK XSTACK
     --------                       ------ ------ ------
     GenericApp_Init                    0      0      9
       -> HalUARTInit                   0      0     18
       -> afRegister                    0      0     18
       -> RegisterForKeys               0      0     18
     GenericApp_MessageMSGCB            2      0     32
       -> osal_memcpy                   0      0     40
       -> HalUARTWrite                  0      0     34
       -> HalUARTWrite                  0      0     34
     GenericApp_ProcessEvent            0      0     12
       -> osal_msg_receive              0      0     24
       -> GenericApp_ProcessZDOMsgs     0      0     24
       -> osal_msg_deallocate           0      0     24
       -> osal_msg_receive              0      0     24
       -> GenericApp_MessageMSGCB       0      0     24
       -> osal_start_timerEx            0      0     24
       -> GenericApp_SendTheMessage     0      0     24
       -> osal_start_timerEx            0      0     24
     GenericApp_ProcessZDOMsgs          0      0     22
       -> HalLedSet                     0      0     20
       -> HalLedSet                     0      0     20
       -> ZDO_ParseEPListRsp            0      0     20
       -> HalLedSet                     0      0     20
       -> osal_mem_free                 0      0     20
     GenericApp_SendTheMessage          2      0     36
       -> ReadSensorTempData            0      0     30
       -> osal_buffer_uint16            0      0     30
       -> HalAdcRead                    0      0     30
       -> AF_DataRequest                0      0     48


   Segment part sizes:

     Function/Label                    Bytes
     --------------                    -----
     err_count                            1
     GenericApp_ClusterList               2
     GenericApp_SimpleDesc               12
     GenericApp_epDesc                    6
     GenericApp_TaskID                    1
     GenericApp_NwkState                  1
     GenericApp_TransID                   1
     GenericApp_DstAddr                  12
     GenericApp_Init                     94
     GenericApp_ProcessEvent            182
     GenericApp_ProcessZDOMsgs          145
     ?Subroutine0                         5
     ?Subroutine1                        15
     GenericApp_MessageMSGCB            125
     GenericApp_SendTheMessage          177
     ??GenericApp_Init?relay              6
     ??GenericApp_ProcessEvent?relay      6
     ??GenericApp_ProcessZDOMsgs?relay    6
     ??GenericApp_MessageMSGCB?relay      6
     ??GenericApp_SendTheMessage?relay    6
     ?<Constant "">                       6
     ?<Constant "Msg!\r\n">               7
     ?<Constant "">_1                     5

 
 743 bytes in segment BANKED_CODE
  30 bytes in segment BANK_RELAYS
  32 bytes in segment XDATA_ROM_C
  22 bytes in segment XDATA_Z
 
 773 bytes of CODE  memory
  32 bytes of CONST memory
  22 bytes of XDATA memory

Errors: none
Warnings: 3
