###############################################################################
#                                                                             #
# IAR C/C++ Compiler V7.60.1.40026 for 8051             11/Jan/2013  11:08:23 #
# Copyright (C) 2004-2010 IAR Systems AB.                                     #
#                                                                             #
#    Core               =  plain                                              #
#    Code model         =  banked                                             #
#    Data model         =  large                                              #
#    Calling convention =  xdata reentrant                                    #
#    Constant location  =  data_rom                                           #
#    Dptr setup         =  1,16                                               #
#    Source file        =  E:\Program\MCU\zigbee\CC2530\ZStack-CC2530-2.4.0-1 #
#                          .4.0-1\ZStack-CC2530-2.4.0-1.4.0\Components\hal\ta #
#                          rget\CC2530EB\hal_uart.c                           #
#    Command line       =  -f E:\Program\MCU\zigbee\CC2530\ZStack-CC2530-2.4. #
#                          0-1.4.0-1\ZStack-CC2530-2.4.0-1.4.0\Projects\zstac #
#                          k\Samples\SampleApp\CC2530DB\..\..\..\Tools\CC2530 #
#                          DB\f8wCoord.cfg (-DCPU32MHZ -DROOT=__near_func     #
#                          -DMAC_CFG_APP_PENDING_QUEUE=TRUE                   #
#                          -DMAC_CFG_TX_DATA_MAX=5 -DMAC_CFG_TX_MAX=8         #
#                          -DMAC_CFG_RX_MAX=5 -DZDO_COORDINATOR -DRTR_NWK)    #
#                          -f E:\Program\MCU\zigbee\CC2530\ZStack-CC2530-2.4. #
#                          0-1.4.0-1\ZStack-CC2530-2.4.0-1.4.0\Projects\zstac #
#                          k\Samples\SampleApp\CC2530DB\..\..\..\Tools\CC2530 #
#                          DB\f8wConfig.cfg (-DZIGBEEPRO -DSECURE=0           #
#                          -DZG_SECURE_DYNAMIC=0 -DREFLECTOR                  #
#                          -DDEFAULT_CHANLIST=0x00000800                      #
#                          -DZDAPP_CONFIG_PAN_ID=0xFFFF                       #
#                          -DNWK_START_DELAY=100 -DEXTENDED_JOINING_RANDOM_MA #
#                          SK=0x007F -DBEACON_REQUEST_DELAY=100               #
#                          -DBEACON_REQ_DELAY_MASK=0x00FF                     #
#                          -DLINK_STATUS_JITTER_MASK=0x007F                   #
#                          -DROUTE_EXPIRY_TIME=30 -DAPSC_ACK_WAIT_DURATION_PO #
#                          LLED=3000 -DNWK_INDIRECT_MSG_TIMEOUT=7             #
#                          -DMAX_RREQ_ENTRIES=8 -DAPSC_MAX_FRAME_RETRIES=3    #
#                          -DNWK_MAX_DATA_RETRIES=2                           #
#                          -DMAX_POLL_FAILURE_RETRIES=2 -DMAX_BCAST=9         #
#                          -DAPS_MAX_GROUPS=16 -DMAX_RTG_ENTRIES=40           #
#                          -DNWK_MAX_BINDING_ENTRIES=4                        #
#                          -DMAX_BINDING_CLUSTER_IDS=4 "-DDEFAULT_KEY={0x01,  #
#                          0x03, 0x05, 0x07, 0x09, 0x0B, 0x0D, 0x0F, 0x00,    #
#                          0x02, 0x04, 0x06, 0x08, 0x0A, 0x0C, 0x0D}"         #
#                          -DMAC_MAX_FRAME_SIZE=116                           #
#                          -DZDNWKMGR_MIN_TRANSMISSIONS=20 "-DCONST=const     #
#                          __code" -DGENERIC=__generic                        #
#                          -DRFD_RCVC_ALWAYS_ON=FALSE -DPOLL_RATE=1000        #
#                          -DQUEUED_POLL_RATE=100 -DRESPONSE_POLL_RATE=100)   #
#                          -DREJOIN_POLL_RATE=440 E:\Program\MCU\zigbee\CC253 #
#                          0\ZStack-CC2530-2.4.0-1.4.0-1\ZStack-CC2530-2.4.0- #
#                          1.4.0\Components\hal\target\CC2530EB\hal_uart.c    #
#                          -D BUILD_ALL_DEVICES -D HOLD_AUTO_START -D         #
#                          LCD_SUPPORTED -D HAL_UART=FALSE -lC                #
#                          E:\Program\MCU\zigbee\CC2530\ZStack-CC2530-2.4.0-1 #
#                          .4.0-1\ZStack-CC2530-2.4.0-1.4.0\Projects\zstack\S #
#                          amples\SampleApp\CC2530DB\DemoEB\List\ -lA         #
#                          E:\Program\MCU\zigbee\CC2530\ZStack-CC2530-2.4.0-1 #
#                          .4.0-1\ZStack-CC2530-2.4.0-1.4.0\Projects\zstack\S #
#                          amples\SampleApp\CC2530DB\DemoEB\List\             #
#                          --diag_suppress Pe001,Pa010 -o                     #
#                          E:\Program\MCU\zigbee\CC2530\ZStack-CC2530-2.4.0-1 #
#                          .4.0-1\ZStack-CC2530-2.4.0-1.4.0\Projects\zstack\S #
#                          amples\SampleApp\CC2530DB\DemoEB\Obj\ -e           #
#                          --require_prototypes --no_code_motion --debug      #
#                          --core=plain --dptr=16,1 --data_model=large        #
#                          --code_model=banked --calling_convention=xdata_ree #
#                          ntrant --place_constants=data_rom                  #
#                          --nr_virtual_regs 16 -I E:\Program\MCU\zigbee\CC25 #
#                          30\ZStack-CC2530-2.4.0-1.4.0-1\ZStack-CC2530-2.4.0 #
#                          -1.4.0\Projects\zstack\Samples\SampleApp\CC2530DB\ #
#                           -I E:\Program\MCU\zigbee\CC2530\ZStack-CC2530-2.4 #
#                          .0-1.4.0-1\ZStack-CC2530-2.4.0-1.4.0\Projects\zsta #
#                          ck\Samples\SampleApp\CC2530DB\..\Source\ -I        #
#                          E:\Program\MCU\zigbee\CC2530\ZStack-CC2530-2.4.0-1 #
#                          .4.0-1\ZStack-CC2530-2.4.0-1.4.0\Projects\zstack\S #
#                          amples\SampleApp\CC2530DB\..\..\..\ZMain\TI2530DB\ #
#                           -I E:\Program\MCU\zigbee\CC2530\ZStack-CC2530-2.4 #
#                          .0-1.4.0-1\ZStack-CC2530-2.4.0-1.4.0\Projects\zsta #
#                          ck\Samples\SampleApp\CC2530DB\..\..\..\..\..\Compo #
#                          nents\hal\include\ -I E:\Program\MCU\zigbee\CC2530 #
#                          \ZStack-CC2530-2.4.0-1.4.0-1\ZStack-CC2530-2.4.0-1 #
#                          .4.0\Projects\zstack\Samples\SampleApp\CC2530DB\.. #
#                          \..\..\..\..\Components\hal\target\CC2530EB\ -I    #
#                          E:\Program\MCU\zigbee\CC2530\ZStack-CC2530-2.4.0-1 #
#                          .4.0-1\ZStack-CC2530-2.4.0-1.4.0\Projects\zstack\S #
#                          amples\SampleApp\CC2530DB\..\..\..\..\..\Component #
#                          s\mac\include\ -I E:\Program\MCU\zigbee\CC2530\ZSt #
#                          ack-CC2530-2.4.0-1.4.0-1\ZStack-CC2530-2.4.0-1.4.0 #
#                          \Projects\zstack\Samples\SampleApp\CC2530DB\..\..\ #
#                          ..\..\..\Components\mac\high_level\ -I             #
#                          E:\Program\MCU\zigbee\CC2530\ZStack-CC2530-2.4.0-1 #
#                          .4.0-1\ZStack-CC2530-2.4.0-1.4.0\Projects\zstack\S #
#                          amples\SampleApp\CC2530DB\..\..\..\..\..\Component #
#                          s\mac\low_level\srf04\ -I                          #
#                          E:\Program\MCU\zigbee\CC2530\ZStack-CC2530-2.4.0-1 #
#                          .4.0-1\ZStack-CC2530-2.4.0-1.4.0\Projects\zstack\S #
#                          amples\SampleApp\CC2530DB\..\..\..\..\..\Component #
#                          s\mac\low_level\srf04\single_chip\ -I              #
#                          E:\Program\MCU\zigbee\CC2530\ZStack-CC2530-2.4.0-1 #
#                          .4.0-1\ZStack-CC2530-2.4.0-1.4.0\Projects\zstack\S #
#                          amples\SampleApp\CC2530DB\..\..\..\..\..\Component #
#                          s\mt\ -I E:\Program\MCU\zigbee\CC2530\ZStack-CC253 #
#                          0-2.4.0-1.4.0-1\ZStack-CC2530-2.4.0-1.4.0\Projects #
#                          \zstack\Samples\SampleApp\CC2530DB\..\..\..\..\..\ #
#                          Components\osal\include\ -I                        #
#                          E:\Program\MCU\zigbee\CC2530\ZStack-CC2530-2.4.0-1 #
#                          .4.0-1\ZStack-CC2530-2.4.0-1.4.0\Projects\zstack\S #
#                          amples\SampleApp\CC2530DB\..\..\..\..\..\Component #
#                          s\osal\mcu\ccsoc\ -I E:\Program\MCU\zigbee\CC2530\ #
#                          ZStack-CC2530-2.4.0-1.4.0-1\ZStack-CC2530-2.4.0-1. #
#                          4.0\Projects\zstack\Samples\SampleApp\CC2530DB\..\ #
#                          ..\..\..\..\Components\services\saddr\ -I          #
#                          E:\Program\MCU\zigbee\CC2530\ZStack-CC2530-2.4.0-1 #
#                          .4.0-1\ZStack-CC2530-2.4.0-1.4.0\Projects\zstack\S #
#                          amples\SampleApp\CC2530DB\..\..\..\..\..\Component #
#                          s\services\sdata\ -I E:\Program\MCU\zigbee\CC2530\ #
#                          ZStack-CC2530-2.4.0-1.4.0-1\ZStack-CC2530-2.4.0-1. #
#                          4.0\Projects\zstack\Samples\SampleApp\CC2530DB\..\ #
#                          ..\..\..\..\Components\stack\af\ -I                #
#                          E:\Program\MCU\zigbee\CC2530\ZStack-CC2530-2.4.0-1 #
#                          .4.0-1\ZStack-CC2530-2.4.0-1.4.0\Projects\zstack\S #
#                          amples\SampleApp\CC2530DB\..\..\..\..\..\Component #
#                          s\stack\nwk\ -I E:\Program\MCU\zigbee\CC2530\ZStac #
#                          k-CC2530-2.4.0-1.4.0-1\ZStack-CC2530-2.4.0-1.4.0\P #
#                          rojects\zstack\Samples\SampleApp\CC2530DB\..\..\.. #
#                          \..\..\Components\stack\sapi\ -I                   #
#                          E:\Program\MCU\zigbee\CC2530\ZStack-CC2530-2.4.0-1 #
#                          .4.0-1\ZStack-CC2530-2.4.0-1.4.0\Projects\zstack\S #
#                          amples\SampleApp\CC2530DB\..\..\..\..\..\Component #
#                          s\stack\sec\ -I E:\Program\MCU\zigbee\CC2530\ZStac #
#                          k-CC2530-2.4.0-1.4.0-1\ZStack-CC2530-2.4.0-1.4.0\P #
#                          rojects\zstack\Samples\SampleApp\CC2530DB\..\..\.. #
#                          \..\..\Components\stack\sys\ -I                    #
#                          E:\Program\MCU\zigbee\CC2530\ZStack-CC2530-2.4.0-1 #
#                          .4.0-1\ZStack-CC2530-2.4.0-1.4.0\Projects\zstack\S #
#                          amples\SampleApp\CC2530DB\..\..\..\..\..\Component #
#                          s\stack\zdo\ -I E:\Program\MCU\zigbee\CC2530\ZStac #
#                          k-CC2530-2.4.0-1.4.0-1\ZStack-CC2530-2.4.0-1.4.0\P #
#                          rojects\zstack\Samples\SampleApp\CC2530DB\..\..\.. #
#                          \..\..\Components\zmac\ -I                         #
#                          E:\Program\MCU\zigbee\CC2530\ZStack-CC2530-2.4.0-1 #
#                          .4.0-1\ZStack-CC2530-2.4.0-1.4.0\Projects\zstack\S #
#                          amples\SampleApp\CC2530DB\..\..\..\..\..\Component #
#                          s\zmac\f8w\ -I "D:\Program Files\IAR               #
#                          Systems\Embedded Workbench 5.4\8051\INC\" -I       #
#                          "D:\Program Files\IAR Systems\Embedded Workbench   #
#                          5.4\8051\INC\CLIB\" -Ohz                           #
#    List file          =  E:\Program\MCU\zigbee\CC2530\ZStack-CC2530-2.4.0-1 #
#                          .4.0-1\ZStack-CC2530-2.4.0-1.4.0\Projects\zstack\S #
#                          amples\SampleApp\CC2530DB\DemoEB\List\hal_uart.lst #
#    Object file        =  E:\Program\MCU\zigbee\CC2530\ZStack-CC2530-2.4.0-1 #
#                          .4.0-1\ZStack-CC2530-2.4.0-1.4.0\Projects\zstack\S #
#                          amples\SampleApp\CC2530DB\DemoEB\Obj\hal_uart.r51  #
#                                                                             #
#                                                                             #
###############################################################################

E:\Program\MCU\zigbee\CC2530\ZStack-CC2530-2.4.0-1.4.0-1\ZStack-CC2530-2.4.0-1.4.0\Components\hal\target\CC2530EB\hal_uart.c
      1          /**************************************************************************************************
      2            Filename:       _hal_uart.c
      3            Revised:        $Date: 2009-06-12 09:16:43 -0700 (Fri, 12 Jun 2009) $
      4            Revision:       $Revision: 20142 $
      5          
      6            Description: This file contains the interface to the H/W UART driver.
      7          
      8          
      9            Copyright 2006-2009 Texas Instruments Incorporated. All rights reserved.
     10          
     11            IMPORTANT: Your use of this Software is limited to those specific rights
     12            granted under the terms of a software license agreement between the user
     13            who downloaded the software, his/her employer (which must be your employer)
     14            and Texas Instruments Incorporated (the "License").  You may not use this
     15            Software unless you agree to abide by the terms of the License. The License
     16            limits your use, and you acknowledge, that the Software may not be modified,
     17            copied or distributed unless embedded on a Texas Instruments microcontroller
     18            or used solely and exclusively in conjunction with a Texas Instruments radio
     19            frequency transceiver, which is integrated into your product.  Other than for
     20            the foregoing purpose, you may not use, reproduce, copy, prepare derivative
     21            works of, modify, distribute, perform, display or sell this Software and/or
     22            its documentation for any purpose.
     23          
     24            YOU FURTHER ACKNOWLEDGE AND AGREE THAT THE SOFTWARE AND DOCUMENTATION ARE
     25            PROVIDED “AS IS?WITHOUT WARRANTY OF ANY KIND, EITHER EXPRESS OR IMPLIED,
     26            INCLUDING WITHOUT LIMITATION, ANY WARRANTY OF MERCHANTABILITY, TITLE,
     27            NON-INFRINGEMENT AND FITNESS FOR A PARTICULAR PURPOSE. IN NO EVENT SHALL
     28            TEXAS INSTRUMENTS OR ITS LICENSORS BE LIABLE OR OBLIGATED UNDER CONTRACT,
     29            NEGLIGENCE, STRICT LIABILITY, CONTRIBUTION, BREACH OF WARRANTY, OR OTHER
     30            LEGAL EQUITABLE THEORY ANY DIRECT OR INDIRECT DAMAGES OR EXPENSES
     31            INCLUDING BUT NOT LIMITED TO ANY INCIDENTAL, SPECIAL, INDIRECT, PUNITIVE
     32            OR CONSEQUENTIAL DAMAGES, LOST PROFITS OR LOST DATA, COST OF PROCUREMENT
     33            OF SUBSTITUTE GOODS, TECHNOLOGY, SERVICES, OR ANY CLAIMS BY THIRD PARTIES
     34            (INCLUDING BUT NOT LIMITED TO ANY DEFENSE THEREOF), OR OTHER SIMILAR COSTS.
     35          
     36            Should you have any questions regarding your right to use this Software,
     37            contact Texas Instruments Incorporated at www.TI.com.
     38          **************************************************************************************************/
     39          
     40          /*********************************************************************
     41           * INCLUDES
     42           */
     43          
     44          #include "hal_board_cfg.h"

   \                                 In  segment SFR_AN, at 0xc1
   \   unsigned char volatile __sfr U0DBUF
   \                     U0DBUF:
   \   000000                DS 1

   \                                 In  segment SFR_AN, at 0xe8
   \   union <unnamed> volatile __sfr _A_IRCON2
   \                     _A_IRCON2:
   \   000000                DS 1
     45          #include "hal_defs.h"
     46          #include "hal_types.h"
     47          #include "hal_uart.h"
     48          #include <string.h>
     49          #include "stdio.h"
     50          
     51          /*********************************************************************
     52           * MACROS
     53           */
     54          
     55          /*********************************************************************
     56           * TYPEDEFS
     57           */
     58          
     59          /*********************************************************************
     60           * CONSTANTS
     61           */
     62          
     63          /*********************************************************************
     64           * GLOBAL VARIABLES
     65           */
     66          
     67          /*********************************************************************
     68           * GLOBAL FUNCTIONS
     69           */
     70          
     71          /*********************************************************************
     72           * LOCAL VARIABLES
     73           */
     74          
     75          /*********************************************************************
     76           * LOCAL FUNCTIONS
     77           */
     78          
     79          #if HAL_UART_DMA
     80          #include "_hal_uart_dma.c"
     81          #endif
     82          #if HAL_UART_ISR
     83          #include "_hal_uart_isr.c"
     84          #endif
     85          #if HAL_UART_USB
     86          #include "_hal_uart_usb.c"
     87          #endif
     88          
     89          /******************************************************************************
     90           * @fn      HalUARTInit
     91           *
     92           * @brief   Initialize the UART
     93           *
     94           * @param   none
     95           *
     96           * @return  none
     97           *****************************************************************************/

   \                                 In  segment BANKED_CODE, align 1, keep-with-next
     98          void HalUARTInit(void)
   \                     HalUARTInit:
     99          {
   \   000000                ; Saved register size: 0
   \   000000                ; Auto size: 0
    100          #if HAL_UART_DMA
    101            HalUARTInitDMA();
    102          #endif
    103          #if HAL_UART_ISR
    104            HalUARTInitISR();
    105          #endif
    106          #if HAL_UART_USB
    107            HalUARTInitUSB();
    108          #endif
    109          }
   \   000000   02....       LJMP    ?BRET
    110          
    111          /******************************************************************************
    112           * @fn      HalUARTOpen
    113           *
    114           * @brief   Open a port according tp the configuration specified by parameter.
    115           *
    116           * @param   port   - UART port
    117           *          config - contains configuration information
    118           *
    119           * @return  Status of the function call
    120           *****************************************************************************/

   \                                 In  segment BANKED_CODE, align 1, keep-with-next
    121          uint8 HalUARTOpen(uint8 port, halUARTCfg_t *config)
   \                     HalUARTOpen:
    122          {
   \   000000                ; Saved register size: 0
   \   000000                ; Auto size: 0
    123            (void)port;
    124            (void)config;
    125          
    126          #if (HAL_UART_DMA == 1)
    127            if (port == HAL_UART_PORT_0)  HalUARTOpenDMA(config);
    128          #endif
    129          #if (HAL_UART_DMA == 2)
    130            if (port == HAL_UART_PORT_1)  HalUARTOpenDMA(config);
    131          #endif
    132          #if (HAL_UART_ISR == 1)
    133            if (port == HAL_UART_PORT_0)  HalUARTOpenISR(config);
    134          #endif
    135          #if (HAL_UART_ISR == 2)
    136            if (port == HAL_UART_PORT_1)  HalUARTOpenISR(config);
    137          #endif
    138          #if (HAL_UART_USB)
    139            HalUARTOpenUSB(config);
    140          #endif
    141            
    142            return HAL_UART_SUCCESS;
   \   000000   7900         MOV     R1,#0x0
   \   000002   02....       LJMP    ?BRET
    143          }
    144          
    145          /*****************************************************************************
    146           * @fn      HalUARTRead
    147           *
    148           * @brief   Read a buffer from the UART
    149           *
    150           * @param   port - USART module designation
    151           *          buf  - valid data buffer at least 'len' bytes in size
    152           *          len  - max length number of bytes to copy to 'buf'
    153           *
    154           * @return  length of buffer that was read
    155           *****************************************************************************/
    156          uint16 HalUARTRead(uint8 port, uint8 *buf, uint16 len)
   \                     HalUARTRead:
    157          {
   \   000000                ; Saved register size: 0
   \   000000                ; Auto size: 0
    158            (void)port;
    159            (void)buf;
    160            (void)len;
    161          
    162          #if (HAL_UART_DMA == 1)
    163            if (port == HAL_UART_PORT_0)  return HalUARTReadDMA(buf, len);
    164          #endif
    165          #if (HAL_UART_DMA == 2)
    166            if (port == HAL_UART_PORT_1)  return HalUARTReadDMA(buf, len);
    167          #endif
    168          #if (HAL_UART_ISR == 1)
    169            if (port == HAL_UART_PORT_0)  return HalUARTReadISR(buf, len);
    170          #endif
    171          #if (HAL_UART_ISR == 2)
    172            if (port == HAL_UART_PORT_1)  return HalUARTReadISR(buf, len);
    173          #endif
    174          
    175          #if HAL_UART_USB
    176            return HalUARTRx(buf, len);
    177          #else
    178            return 0;
   \   000000                REQUIRE ?Subroutine0
   \   000000                ; // Fall through to label ?Subroutine0

   \                                 In  segment BANKED_CODE, align 1, keep-with-next
   \                     ?Subroutine0:
   \   000000   7A00         MOV     R2,#0x0
   \   000002   7B00         MOV     R3,#0x0
   \   000004   02....       LJMP    ?BRET
    179          #endif
    180          }
    181          
    182          /******************************************************************************
    183           * @fn      HalUARTWrite
    184           *
    185           * @brief   Write a buffer to the UART.
    186           *
    187           * @param   port - UART port
    188           *          buf  - pointer to the buffer that will be written, not freed
    189           *          len  - length of
    190           *
    191           * @return  length of the buffer that was sent
    192           *****************************************************************************/

   \                                 In  segment BANKED_CODE, align 1, keep-with-next
    193          uint16 HalUARTWrite(uint8 port, uint8 *buf, uint16 len)
   \                     HalUARTWrite:
    194          {
   \   000000                ; Saved register size: 0
   \   000000                ; Auto size: 0
    195            (void)port;
    196            (void)buf;
    197            (void)len;
    198          
    199          #if (HAL_UART_DMA == 1)
    200            if (port == HAL_UART_PORT_0)  return HalUARTWriteDMA(buf, len);
    201          #endif
    202          #if (HAL_UART_DMA == 2)
    203            if (port == HAL_UART_PORT_1)  return HalUARTWriteDMA(buf, len);
    204          #endif
    205          #if (HAL_UART_ISR == 1)
    206            if (port == HAL_UART_PORT_0)  return HalUARTWriteISR(buf, len);
    207          #endif
    208          #if (HAL_UART_ISR == 2)
    209            if (port == HAL_UART_PORT_1)  return HalUARTWriteISR(buf, len);
    210          #endif
    211          
    212          #if HAL_UART_USB
    213            HalUARTTx(buf, len);
    214            return len;
    215          #else
    216            return 0;
   \   000000   80..         SJMP    ?Subroutine0
    217          #endif
    218          }
    219          
    220          /******************************************************************************
    221           * @fn      HalUARTSuspend
    222           *
    223           * @brief   Suspend UART hardware before entering PM mode 1, 2 or 3.
    224           *
    225           * @param   None
    226           *
    227           * @return  None
    228           *****************************************************************************/

   \                                 In  segment BANKED_CODE, align 1, keep-with-next
    229          void HalUARTSuspend( void )
   \                     HalUARTSuspend:
    230          {
   \   000000                ; Saved register size: 0
   \   000000                ; Auto size: 0
    231          #if HAL_UART_DMA
    232            HalUARTSuspendDMA();
    233          #endif
    234          #if HAL_UART_ISR
    235            HalUARTSuspendISR();
    236          #endif
    237          }
   \   000000   02....       LJMP    ?BRET
    238          
    239          /******************************************************************************
    240           * @fn      HalUARTResume
    241           *
    242           * @brief   Resume UART hardware after exiting PM mode 1, 2 or 3.
    243           *
    244           * @param   None
    245           *
    246           * @return  None
    247           *****************************************************************************/

   \                                 In  segment BANKED_CODE, align 1, keep-with-next
    248          void HalUARTResume( void )
   \                     HalUARTResume:
    249          {
   \   000000                ; Saved register size: 0
   \   000000                ; Auto size: 0
    250          #if HAL_UART_DMA
    251            HalUARTResumeDMA();
    252          #endif
    253          #if HAL_UART_ISR
    254            HalUARTResumeISR();
    255          #endif
    256          }
   \   000000   02....       LJMP    ?BRET
    257          
    258          /***************************************************************************************************
    259           * @fn      HalUARTPoll
    260           *
    261           * @brief   Poll the UART.
    262           *
    263           * @param   none
    264           *
    265           * @return  none
    266           *****************************************************************************/

   \                                 In  segment BANKED_CODE, align 1, keep-with-next
    267          void HalUARTPoll(void)
   \                     HalUARTPoll:
    268          {
   \   000000                ; Saved register size: 0
   \   000000                ; Auto size: 0
    269          #if HAL_UART_DMA
    270            HalUARTPollDMA();
    271          #endif
    272          #if HAL_UART_ISR
    273            HalUARTPollISR();
    274          #endif
    275          #if HAL_UART_USB
    276            HalUARTPollUSB();
    277          #endif
    278          }
   \   000000   02....       LJMP    ?BRET
    279          
    280          /**************************************************************************************************
    281           * @fn      Hal_UART_RxBufLen()
    282           *
    283           * @brief   Calculate Rx Buffer length - the number of bytes in the buffer.
    284           *
    285           * @param   port - UART port
    286           *
    287           * @return  length of current Rx Buffer
    288           **************************************************************************************************/

   \                                 In  segment BANKED_CODE, align 1, keep-with-next
    289          uint16 Hal_UART_RxBufLen( uint8 port )
   \                     Hal_UART_RxBufLen:
    290          {
   \   000000                ; Saved register size: 0
   \   000000                ; Auto size: 0
    291            (void)port;
    292          
    293          #if (HAL_UART_DMA == 1)
    294            if (port == HAL_UART_PORT_0)  return HalUARTRxAvailDMA();
    295          #endif
    296          #if (HAL_UART_DMA == 2)
    297            if (port == HAL_UART_PORT_1)  return HalUARTRxAvailDMA();
    298          #endif
    299          #if (HAL_UART_ISR == 1)
    300            if (port == HAL_UART_PORT_0)  return HalUARTRxAvailISR();
    301          #endif
    302          #if (HAL_UART_ISR == 2)
    303            if (port == HAL_UART_PORT_1)  return HalUARTRxAvailISR();
    304          #endif
    305          #if HAL_UART_USB
    306            return HalUARTRxAvailUSB();
    307          #else
    308            return 0;
   \   000000   80..         SJMP    ?Subroutine0
    309          #endif
    310          }
    311          
    312          

   \                                 In  segment NEAR_CODE, align 1, keep-with-next
    313          __near_func putchar(int c)
                             ^
Warning[Pe260]: explicit type is missing ("int" assumed)
   \                     putchar:
    314          { 
   \   000000                ; Saved register size: 0
   \   000000                ; Auto size: 0
    315               if(c== '\n'){
   \   000000   740A         MOV     A,#0xa
   \   000002   6A           XRL     A,R2
   \   000003   7001         JNZ     ??putchar_0
   \   000005   EB           MOV     A,R3
   \                     ??putchar_0:
   \   000006   7009         JNZ     ??putchar_1
    316          	    U0DBUF = '\r';  
   \   000008   75C10D       MOV     0xc1,#0xd
    317                  while(!UTX0IF); 
   \                     ??putchar_2:
   \   00000B   A2E9         MOV     C,0xe8.1
   \   00000D   50FC         JNC     ??putchar_2
    318                  UTX0IF = 0; 
   \   00000F   C2E9         CLR     0xe8.1
    319                  
    320               }
    321          	 U0DBUF = c; 
   \                     ??putchar_1:
   \   000011   EA           MOV     A,R2
   \   000012   F5C1         MOV     0xc1,A
    322               while(!UTX0IF); 
   \                     ??putchar_3:
   \   000014   A2E9         MOV     C,0xe8.1
   \   000016   50FC         JNC     ??putchar_3
    323               UTX0IF = 0; 
   \   000018   C2E9         CLR     0xe8.1
    324                 
    325               return c; 
   \   00001A   22           RET
   \   00001B                REQUIRE U0DBUF
   \   00001B                REQUIRE _A_IRCON2
    326          } 

   \                                 In  segment BANK_RELAYS, align 1
   \                     ??HalUARTInit?relay:
   \   000000   12....       LCALL   ?BDISPATCH
   \   000003   ......       DC24    HalUARTInit

   \                                 In  segment BANK_RELAYS, align 1
   \                     ??HalUARTOpen?relay:
   \   000000   12....       LCALL   ?BDISPATCH
   \   000003   ......       DC24    HalUARTOpen

   \                                 In  segment BANK_RELAYS, align 1
   \                     ??HalUARTRead?relay:
   \   000000   12....       LCALL   ?BDISPATCH
   \   000003   ......       DC24    HalUARTRead

   \                                 In  segment BANK_RELAYS, align 1
   \                     ??HalUARTWrite?relay:
   \   000000   12....       LCALL   ?BDISPATCH
   \   000003   ......       DC24    HalUARTWrite

   \                                 In  segment BANK_RELAYS, align 1
   \                     ??HalUARTSuspend?relay:
   \   000000   12....       LCALL   ?BDISPATCH
   \   000003   ......       DC24    HalUARTSuspend

   \                                 In  segment BANK_RELAYS, align 1
   \                     ??HalUARTResume?relay:
   \   000000   12....       LCALL   ?BDISPATCH
   \   000003   ......       DC24    HalUARTResume

   \                                 In  segment BANK_RELAYS, align 1
   \                     ??HalUARTPoll?relay:
   \   000000   12....       LCALL   ?BDISPATCH
   \   000003   ......       DC24    HalUARTPoll

   \                                 In  segment BANK_RELAYS, align 1
   \                     ??Hal_UART_RxBufLen?relay:
   \   000000   12....       LCALL   ?BDISPATCH
   \   000003   ......       DC24    Hal_UART_RxBufLen
    327          
    328          /******************************************************************************
    329          ******************************************************************************/

   Maximum stack usage in bytes:

     Function          ISTACK PSTACK XSTACK
     --------          ------ ------ ------
     HalUARTInit           0      0      0
     HalUARTOpen           0      0      0
     HalUARTPoll           0      0      0
     HalUARTRead           0      0      0
     HalUARTResume         0      0      0
     HalUARTSuspend        0      0      0
     HalUARTWrite          0      0      0
     Hal_UART_RxBufLen     0      0      0
     putchar               0      0      0


   Segment part sizes:

     Function/Label            Bytes
     --------------            -----
     U0DBUF                       1
     _A_IRCON2                    1
     HalUARTInit                  3
     HalUARTOpen                  5
     HalUARTRead                  0
     ?Subroutine0                 7
     HalUARTWrite                 2
     HalUARTSuspend               3
     HalUARTResume                3
     HalUARTPoll                  3
     Hal_UART_RxBufLen            2
     putchar                     27
     ??HalUARTInit?relay          6
     ??HalUARTOpen?relay          6
     ??HalUARTRead?relay          6
     ??HalUARTWrite?relay         6
     ??HalUARTSuspend?relay       6
     ??HalUARTResume?relay        6
     ??HalUARTPoll?relay          6
     ??Hal_UART_RxBufLen?relay    6

 
 28 bytes in segment BANKED_CODE
 48 bytes in segment BANK_RELAYS
 27 bytes in segment NEAR_CODE
  2 bytes in segment SFR_AN
 
 103 bytes of CODE memory
   0 bytes of DATA memory (+ 2 bytes shared)

Errors: none
Warnings: 1
